# JRE version: OpenJDK Runtime Environment (8.0_292-b10) (build 1.8.0_292-8u292-b10-0ubuntu1~20.04-b10)
# Java VM: OpenJDK 64-Bit Server VM (25.292-b10 mixed mode linux-amd64 compressed oops)
Heap:
 PSYoungGen      total 202240K, used 84870K [0x00000000f0000000, 0x0000000100000000, 0x0000000100000000)
  eden space 143872K, 40% used [0x00000000f0000000,0x00000000f39230f8,0x00000000f8c80000)
  from space 58368K, 45% used [0x00000000f8c80000,0x00000000fa63ea40,0x00000000fc580000)
  to   space 56320K, 0% used [0x00000000fc900000,0x00000000fc900000,0x0000000100000000)
 ParOldGen       total 524288K, used 112181K [0x00000000d0000000, 0x00000000f0000000, 0x00000000f0000000)
  object space 524288K, 21% used [0x00000000d0000000,0x00000000d6d8d410,0x00000000f0000000)
 Metaspace       used 84936K, capacity 90258K, committed 90448K, reserved 1128448K
  class space    used 10679K, capacity 12054K, committed 12112K, reserved 1048576K
GC Heap History (10 events):
Event: 4237.891 GC heap before
{Heap before GC invocations=44 (full 3):
 PSYoungGen      total 198144K, used 162076K [0x00000000f0000000, 0x0000000100000000, 0x0000000100000000)
  eden space 131584K, 100% used [0x00000000f0000000,0x00000000f8080000,0x00000000f8080000)
  from space 66560K, 45% used [0x00000000fbf00000,0x00000000fdcc7110,0x0000000100000000)
  to   space 64000K, 0% used [0x00000000f8080000,0x00000000f8080000,0x00000000fbf00000)
 ParOldGen       total 524288K, used 96150K [0x00000000d0000000, 0x00000000f0000000, 0x00000000f0000000)
  object space 524288K, 18% used [0x00000000d0000000,0x00000000d5de5b80,0x00000000f0000000)
 Metaspace       used 78819K, capacity 83882K, committed 84048K, reserved 1122304K
  class space    used 10270K, capacity 11551K, committed 11600K, reserved 1048576K
Event: 4237.905 GC heap after
Heap after GC invocations=44 (full 3):
 PSYoungGen      total 195584K, used 29486K [0x00000000f0000000, 0x0000000100000000, 0x0000000100000000)
  eden space 131584K, 0% used [0x00000000f0000000,0x00000000f0000000,0x00000000f8080000)
  from space 64000K, 46% used [0x00000000f8080000,0x00000000f9d4ba38,0x00000000fbf00000)
  to   space 61952K, 0% used [0x00000000fc380000,0x00000000fc380000,0x0000000100000000)
 ParOldGen       total 524288K, used 98747K [0x00000000d0000000, 0x00000000f0000000, 0x00000000f0000000)
  object space 524288K, 18% used [0x00000000d0000000,0x00000000d606ed48,0x00000000f0000000)
 Metaspace       used 78819K, capacity 83882K, committed 84048K, reserved 1122304K
  class space    used 10270K, capacity 11551K, committed 11600K, reserved 1048576K
}
Event: 4260.254 GC heap before
{Heap before GC invocations=45 (full 3):
 PSYoungGen      total 195584K, used 161070K [0x00000000f0000000, 0x0000000100000000, 0x0000000100000000)
  eden space 131584K, 100% used [0x00000000f0000000,0x00000000f8080000,0x00000000f8080000)
  from space 64000K, 46% used [0x00000000f8080000,0x00000000f9d4ba38,0x00000000fbf00000)
  to   space 61952K, 0% used [0x00000000fc380000,0x00000000fc380000,0x0000000100000000)
 ParOldGen       total 524288K, used 98747K [0x00000000d0000000, 0x00000000f0000000, 0x00000000f0000000)
  object space 524288K, 18% used [0x00000000d0000000,0x00000000d606ed48,0x00000000f0000000)
 Metaspace       used 79092K, capacity 84214K, committed 84432K, reserved 1122304K
  class space    used 10336K, capacity 11646K, committed 11728K, reserved 1048576K
Event: 4260.265 GC heap after
Heap after GC invocations=45 (full 3):
 PSYoungGen      total 201216K, used 23675K [0x00000000f0000000, 0x0000000100000000, 0x0000000100000000)
  eden space 139264K, 0% used [0x00000000f0000000,0x00000000f0000000,0x00000000f8800000)
  from space 61952K, 38% used [0x00000000fc380000,0x00000000fda9ef60,0x0000000100000000)
  to   space 60928K, 0% used [0x00000000f8800000,0x00000000f8800000,0x00000000fc380000)
 ParOldGen       total 524288K, used 102417K [0x00000000d0000000, 0x00000000f0000000, 0x00000000f0000000)
  object space 524288K, 19% used [0x00000000d0000000,0x00000000d6404538,0x00000000f0000000)
 Metaspace       used 79092K, capacity 84214K, committed 84432K, reserved 1122304K
  class space    used 10336K, capacity 11646K, committed 11728K, reserved 1048576K
}
Event: 4303.149 GC heap before
{Heap before GC invocations=46 (full 3):
 PSYoungGen      total 201216K, used 162939K [0x00000000f0000000, 0x0000000100000000, 0x0000000100000000)
  eden space 139264K, 100% used [0x00000000f0000000,0x00000000f8800000,0x00000000f8800000)
  from space 61952K, 38% used [0x00000000fc380000,0x00000000fda9ef60,0x0000000100000000)
  to   space 60928K, 0% used [0x00000000f8800000,0x00000000f8800000,0x00000000fc380000)
 ParOldGen       total 524288K, used 102417K [0x00000000d0000000, 0x00000000f0000000, 0x00000000f0000000)
  object space 524288K, 19% used [0x00000000d0000000,0x00000000d6404538,0x00000000f0000000)
 Metaspace       used 79298K, capacity 84454K, committed 84688K, reserved 1122304K
  class space    used 10364K, capacity 11697K, committed 11728K, reserved 1048576K
Event: 4303.161 GC heap after
Heap after GC invocations=46 (full 3):
 PSYoungGen      total 200192K, used 23710K [0x00000000f0000000, 0x0000000100000000, 0x0000000100000000)
  eden space 139264K, 0% used [0x00000000f0000000,0x00000000f0000000,0x00000000f8800000)
  from space 60928K, 38% used [0x00000000f8800000,0x00000000f9f27918,0x00000000fc380000)
  to   space 59904K, 0% used [0x00000000fc580000,0x00000000fc580000,0x0000000100000000)
 ParOldGen       total 524288K, used 104571K [0x00000000d0000000, 0x00000000f0000000, 0x00000000f0000000)
  object space 524288K, 19% used [0x00000000d0000000,0x00000000d661ee98,0x00000000f0000000)
 Metaspace       used 79298K, capacity 84454K, committed 84688K, reserved 1122304K
  class space    used 10364K, capacity 11697K, committed 11728K, reserved 1048576K
}
Event: 4421.544 GC heap before
{Heap before GC invocations=47 (full 3):
 PSYoungGen      total 200192K, used 162974K [0x00000000f0000000, 0x0000000100000000, 0x0000000100000000)
  eden space 139264K, 100% used [0x00000000f0000000,0x00000000f8800000,0x00000000f8800000)
  from space 60928K, 38% used [0x00000000f8800000,0x00000000f9f27918,0x00000000fc380000)
  to   space 59904K, 0% used [0x00000000fc580000,0x00000000fc580000,0x0000000100000000)
 ParOldGen       total 524288K, used 104571K [0x00000000d0000000, 0x00000000f0000000, 0x00000000f0000000)
  object space 524288K, 19% used [0x00000000d0000000,0x00000000d661ee98,0x00000000f0000000)
 Metaspace       used 80110K, capacity 85394K, committed 85584K, reserved 1122304K
  class space    used 10431K, capacity 11783K, committed 11856K, reserved 1048576K
Event: 4421.587 GC heap after
Heap after GC invocations=47 (full 3):
 PSYoungGen      total 203776K, used 24760K [0x00000000f0000000, 0x0000000100000000, 0x0000000100000000)
  eden space 143872K, 0% used [0x00000000f0000000,0x00000000f0000000,0x00000000f8c80000)
  from space 59904K, 41% used [0x00000000fc580000,0x00000000fddae2f8,0x0000000100000000)
  to   space 58368K, 0% used [0x00000000f8c80000,0x00000000f8c80000,0x00000000fc580000)
 ParOldGen       total 524288K, used 106362K [0x00000000d0000000, 0x00000000f0000000, 0x00000000f0000000)
  object space 524288K, 20% used [0x00000000d0000000,0x00000000d67de988,0x00000000f0000000)
 Metaspace       used 80110K, capacity 85394K, committed 85584K, reserved 1122304K
  class space    used 10431K, capacity 11783K, committed 11856K, reserved 1048576K
}
Event: 4422.031 GC heap before
{Heap before GC invocations=48 (full 3):
 PSYoungGen      total 203776K, used 168632K [0x00000000f0000000, 0x0000000100000000, 0x0000000100000000)
  eden space 143872K, 100% used [0x00000000f0000000,0x00000000f8c80000,0x00000000f8c80000)
  from space 59904K, 41% used [0x00000000fc580000,0x00000000fddae2f8,0x0000000100000000)
  to   space 58368K, 0% used [0x00000000f8c80000,0x00000000f8c80000,0x00000000fc580000)
 ParOldGen       total 524288K, used 106362K [0x00000000d0000000, 0x00000000f0000000, 0x00000000f0000000)
  object space 524288K, 20% used [0x00000000d0000000,0x00000000d67de988,0x00000000f0000000)
 Metaspace       used 84583K, capacity 89922K, committed 90192K, reserved 1128448K
  class space    used 10652K, capacity 12030K, committed 12112K, reserved 1048576K
Event: 4422.044 GC heap after
Heap after GC invocations=48 (full 3):
 PSYoungGen      total 202240K, used 26362K [0x00000000f0000000, 0x0000000100000000, 0x0000000100000000)
  eden space 143872K, 0% used [0x00000000f0000000,0x00000000f0000000,0x00000000f8c80000)
  from space 58368K, 45% used [0x00000000f8c80000,0x00000000fa63ea40,0x00000000fc580000)
  to   space 56320K, 0% used [0x00000000fc900000,0x00000000fc900000,0x0000000100000000)
 ParOldGen       total 524288K, used 112181K [0x00000000d0000000, 0x00000000f0000000, 0x00000000f0000000)
  object space 524288K, 21% used [0x00000000d0000000,0x00000000d6d8d410,0x00000000f0000000)
 Metaspace       used 84583K, capacity 89922K, committed 90192K, reserved 1128448K
  class space    used 10652K, capacity 12030K, committed 12112K, reserved 1048576K
}

